app/build/intermediates/manifest_merge_blame_file/debug/manifest-merger-blame-debug-report.txt
1<?xml version="1.0" encoding="utf-8"?>
2<manifest xmlns:android="http://schemas.android.com/apk/res/android"
3    package="com.app.base.mainapp"
4    android:versionCode="1"
5    android:versionName="1.0" >
6
7    <uses-sdk
8        android:minSdkVersion="21"
8-->src\main\AndroidManifest.xml
9        android:targetSdkVersion="29" />
9-->src\main\AndroidManifest.xml
10
11    <uses-permission android:name="android.permission.INTERNET" />
11-->src\main\AndroidManifest.xml:6:5-67
11-->src\main\AndroidManifest.xml:6:22-64
12    <uses-permission android:name="android.permission.CAMERA" />
12-->src\main\AndroidManifest.xml:7:5-65
12-->src\main\AndroidManifest.xml:7:22-62
13    <uses-permission android:name="android.permission.BLUETOOTH" />
13-->src\main\AndroidManifest.xml:8:5-68
13-->src\main\AndroidManifest.xml:8:22-65
14    <uses-permission android:name="android.permission.BLUETOOTH_ADMIN" />
14-->src\main\AndroidManifest.xml:9:5-74
14-->src\main\AndroidManifest.xml:9:22-71
15    <uses-permission android:name="android.permission.CHANGE_WIFI_STATE" />
15-->src\main\AndroidManifest.xml:10:5-76
15-->src\main\AndroidManifest.xml:10:22-73
16    <uses-permission android:name="android.permission.ACCESS_NETWORK_STATE" />
16-->src\main\AndroidManifest.xml:11:5-79
16-->src\main\AndroidManifest.xml:11:22-76
17    <uses-permission android:name="android.permission.ACCESS_WIFI_STATE" />
17-->src\main\AndroidManifest.xml:12:5-76
17-->src\main\AndroidManifest.xml:12:22-73
18    <uses-permission android:name="android.permission.ACCESS_FINE_LOCATION" />
18-->src\main\AndroidManifest.xml:13:5-79
18-->src\main\AndroidManifest.xml:13:22-76
19    <uses-permission android:name="android.permission.ACCESS_COARSE_LOCATION" />
19-->src\main\AndroidManifest.xml:14:5-81
19-->src\main\AndroidManifest.xml:14:22-78
20    <uses-permission android:name="com.google.android.providers.gsf.permission.READ_GSERVICES" />
20-->src\main\AndroidManifest.xml:15:5-98
20-->src\main\AndroidManifest.xml:15:22-95
21    <uses-permission android:name="android.permission.WRITE_EXTERNAL_STORAGE" />
21-->src\main\AndroidManifest.xml:16:5-81
21-->src\main\AndroidManifest.xml:16:22-78
22    <uses-permission android:name="android.permission.FOREGROUND_SERVICE" />
22-->src\main\AndroidManifest.xml:17:5-77
22-->src\main\AndroidManifest.xml:17:22-74
23    <uses-permission android:name="android.permission.SYSTEM_ALERT_WINDOW" />
23-->src\main\AndroidManifest.xml:18:5-78
23-->src\main\AndroidManifest.xml:18:22-75
24    <uses-permission android:name="android.permission.READ_EXTERNAL_STORAGE" />
24-->src\main\AndroidManifest.xml:19:5-80
24-->src\main\AndroidManifest.xml:19:22-77
25
26    <uses-feature
26-->src\main\AndroidManifest.xml:21:5-23:35
27        android:glEsVersion="0x00020000"
27-->src\main\AndroidManifest.xml:22:9-41
28        android:required="true" />
28-->src\main\AndroidManifest.xml:23:9-32
29    <uses-feature
29-->src\main\AndroidManifest.xml:24:5-26:35
30        android:name="android.hardware.camera"
30-->src\main\AndroidManifest.xml:25:9-47
31        android:required="true" />
31-->src\main\AndroidManifest.xml:26:9-32
32    <uses-feature
32-->[com.otaliastudios:cameraview:2.6.1] AndroidManifest.xml:22:5-24:36
33        android:name="android.hardware.camera.autofocus"
33-->[com.otaliastudios:cameraview:2.6.1] AndroidManifest.xml:23:9-57
34        android:required="false" />
34-->[com.otaliastudios:cameraview:2.6.1] AndroidManifest.xml:24:9-33
35    <uses-feature
35-->[com.otaliastudios:cameraview:2.6.1] AndroidManifest.xml:25:5-27:36
36        android:name="android.hardware.camera.front"
36-->[com.otaliastudios:cameraview:2.6.1] AndroidManifest.xml:26:9-53
37        android:required="false" />
37-->[com.otaliastudios:cameraview:2.6.1] AndroidManifest.xml:27:9-33
38    <uses-feature
38-->[com.otaliastudios:cameraview:2.6.1] AndroidManifest.xml:28:5-30:36
39        android:name="android.hardware.microphone"
39-->[com.otaliastudios:cameraview:2.6.1] AndroidManifest.xml:29:9-51
40        android:required="false" />
40-->[com.otaliastudios:cameraview:2.6.1] AndroidManifest.xml:30:9-33
41
42    <uses-permission android:name="android.permission.WAKE_LOCK" />
42-->[com.google.android.gms:play-services-measurement:17.3.0] AndroidManifest.xml:25:5-68
42-->[com.google.android.gms:play-services-measurement:17.3.0] AndroidManifest.xml:25:22-65
43    <uses-permission android:name="com.google.android.finsky.permission.BIND_GET_INSTALL_REFERRER_SERVICE" /> <!-- Required by older versions of Google Play services to create IID tokens -->
43-->[com.google.android.gms:play-services-measurement:17.3.0] AndroidManifest.xml:26:5-110
43-->[com.google.android.gms:play-services-measurement:17.3.0] AndroidManifest.xml:26:22-107
44    <uses-permission android:name="com.google.android.c2dm.permission.RECEIVE" />
44-->[com.google.firebase:firebase-iid:20.1.5] AndroidManifest.xml:26:5-82
44-->[com.google.firebase:firebase-iid:20.1.5] AndroidManifest.xml:26:22-79
45
46    <application
46-->src\main\AndroidManifest.xml:28:5-87:19
47        android:name="com.app.base.mainapp.MainApp"
47-->src\main\AndroidManifest.xml:29:9-52
48        android:allowBackup="false"
48-->src\main\AndroidManifest.xml:30:9-36
49        android:appComponentFactory="androidx.core.app.CoreComponentFactory"
49-->[androidx.core:core:1.1.0] AndroidManifest.xml:24:18-86
50        android:debuggable="true"
51        android:icon="@mipmap/ic_icon"
51-->src\main\AndroidManifest.xml:31:9-39
52        android:label="@string/app_name"
52-->src\main\AndroidManifest.xml:32:9-41
53        android:networkSecurityConfig="@xml/network_security_config"
53-->src\main\AndroidManifest.xml:33:9-69
54        android:roundIcon="@mipmap/ic_icon"
54-->src\main\AndroidManifest.xml:34:9-44
55        android:supportsRtl="true"
55-->src\main\AndroidManifest.xml:35:9-35
56        android:theme="@style/AppTheme" >
56-->src\main\AndroidManifest.xml:36:9-40
57        <activity
57-->src\main\AndroidManifest.xml:42:9-53:20
58            android:name="com.app.base.mainapp.presentations.home.HomeActivity"
58-->src\main\AndroidManifest.xml:43:13-80
59            android:configChanges="layoutDirection|locale"
59-->src\main\AndroidManifest.xml:44:13-59
60            android:screenOrientation="portrait"
60-->src\main\AndroidManifest.xml:45:13-49
61            android:windowSoftInputMode="adjustPan" >
61-->src\main\AndroidManifest.xml:46:13-52
62            <intent-filter>
62-->src\main\AndroidManifest.xml:47:13-50:29
63                <action android:name="android.intent.action.MAIN" />
63-->src\main\AndroidManifest.xml:48:17-69
63-->src\main\AndroidManifest.xml:48:25-66
64
65                <category android:name="android.intent.category.LAUNCHER" />
65-->src\main\AndroidManifest.xml:49:17-77
65-->src\main\AndroidManifest.xml:49:27-74
66            </intent-filter>
67        </activity>
68
69        <service
69-->src\main\AndroidManifest.xml:58:9-64:19
70            android:name="com.app.base.mainapp.utils.firebase.FireBaseMessagingService"
70-->src\main\AndroidManifest.xml:59:13-88
71            android:exported="false" >
71-->src\main\AndroidManifest.xml:60:13-37
72            <intent-filter>
72-->src\main\AndroidManifest.xml:61:13-63:29
73                <action android:name="com.google.firebase.MESSAGING_EVENT" />
73-->src\main\AndroidManifest.xml:62:17-78
73-->src\main\AndroidManifest.xml:62:25-75
74            </intent-filter>
75        </service>
76
77        <meta-data
77-->src\main\AndroidManifest.xml:65:9-67:50
78            android:name="com.google.firebase.messaging.default_notification_icon"
78-->src\main\AndroidManifest.xml:66:13-83
79            android:resource="@mipmap/ic_icon" />
79-->src\main\AndroidManifest.xml:67:13-47
80        <meta-data
80-->src\main\AndroidManifest.xml:68:9-70:58
81            android:name="com.google.firebase.messaging.default_notification_color"
81-->src\main\AndroidManifest.xml:69:13-84
82            android:resource="@color/colorPrimaryDark" />
82-->src\main\AndroidManifest.xml:70:13-55
83        <meta-data
83-->src\main\AndroidManifest.xml:71:9-73:71
84            android:name="com.google.firebase.messaging.default_notification_channel_id"
84-->src\main\AndroidManifest.xml:72:13-89
85            android:value="@string/default_notification_channel_id" />
85-->src\main\AndroidManifest.xml:73:13-68
86        <meta-data
86-->src\main\AndroidManifest.xml:74:9-76:37
87            android:name="firebase_crash_collection_enabled"
87-->src\main\AndroidManifest.xml:75:13-61
88            android:value="false" />
88-->src\main\AndroidManifest.xml:76:13-34
89
90        <uses-library
90-->src\main\AndroidManifest.xml:78:9-80:40
91            android:name="org.apache.http.legacy"
91-->src\main\AndroidManifest.xml:79:13-50
92            android:required="false" />
92-->src\main\AndroidManifest.xml:80:13-37
93
94        <meta-data
94-->src\main\AndroidManifest.xml:81:9-83:71
95            android:name="com.google.android.maps.v2.API_KEY"
95-->src\main\AndroidManifest.xml:82:13-62
96            android:value="AIzaSyBhg0xYMV8hKujRpKOjPiZqRIUR6DXCKUQ" />
96-->src\main\AndroidManifest.xml:83:13-68
97        <meta-data
97-->src\main\AndroidManifest.xml:84:9-86:71
98            android:name="com.google.android.nearby.messages.API_KEY"
98-->src\main\AndroidManifest.xml:85:13-70
99            android:value="AIzaSyBfjEl_n5DkOq1XO13pg6BnMbwPgMvVFYA" />
99-->src\main\AndroidManifest.xml:86:13-68
100
101        <activity
101-->[com.google.android.libraries.places:places:2.2.0] AndroidManifest.xml:14:9-20:20
102            android:name="com.google.android.libraries.places.widget.AutocompleteActivity"
102-->[com.google.android.libraries.places:places:2.2.0] AndroidManifest.xml:15:13-91
103            android:exported="false"
103-->[com.google.android.libraries.places:places:2.2.0] AndroidManifest.xml:16:13-37
104            android:label="@string/places_autocomplete_label"
104-->[com.google.android.libraries.places:places:2.2.0] AndroidManifest.xml:17:13-62
105            android:theme="@style/PlacesAutocompleteOverlay"
105-->[com.google.android.libraries.places:places:2.2.0] AndroidManifest.xml:18:13-61
106            android:windowSoftInputMode="adjustResize" >
106-->[com.google.android.libraries.places:places:2.2.0] AndroidManifest.xml:19:13-55
107        </activity>
108        <!--
109             FirebaseMessagingService performs security checks at runtime,
110             but set to not exported to explicitly avoid allowing another app to call it.
111        -->
112        <service
112-->[com.google.firebase:firebase-messaging:20.1.5] AndroidManifest.xml:28:9-34:19
113            android:name="com.google.firebase.messaging.FirebaseMessagingService"
113-->[com.google.firebase:firebase-messaging:20.1.5] AndroidManifest.xml:29:13-82
114            android:exported="false" >
114-->[com.google.firebase:firebase-messaging:20.1.5] AndroidManifest.xml:30:13-37
115            <intent-filter android:priority="-500" >
115-->src\main\AndroidManifest.xml:61:13-63:29
116                <action android:name="com.google.firebase.MESSAGING_EVENT" />
116-->src\main\AndroidManifest.xml:62:17-78
116-->src\main\AndroidManifest.xml:62:25-75
117            </intent-filter>
118        </service>
119        <service
119-->[com.google.firebase:firebase-messaging:20.1.5] AndroidManifest.xml:35:9-41:19
120            android:name="com.google.firebase.components.ComponentDiscoveryService"
120-->[com.google.firebase:firebase-messaging:20.1.5] AndroidManifest.xml:36:13-84
121            android:directBootAware="true"
121-->[com.google.firebase:firebase-common:19.3.1] AndroidManifest.xml:35:13-43
122            android:exported="false" >
122-->[com.google.firebase:firebase-messaging:20.1.5] AndroidManifest.xml:37:13-37
123            <meta-data
123-->[com.google.firebase:firebase-messaging:20.1.5] AndroidManifest.xml:38:13-40:85
124                android:name="com.google.firebase.components:com.google.firebase.messaging.FirebaseMessagingRegistrar"
124-->[com.google.firebase:firebase-messaging:20.1.5] AndroidManifest.xml:39:17-119
125                android:value="com.google.firebase.components.ComponentRegistrar" />
125-->[com.google.firebase:firebase-messaging:20.1.5] AndroidManifest.xml:40:17-82
126            <meta-data
126-->[com.google.firebase:firebase-crashlytics:17.2.2] AndroidManifest.xml:16:13-18:85
127                android:name="com.google.firebase.components:com.google.firebase.crashlytics.CrashlyticsRegistrar"
127-->[com.google.firebase:firebase-crashlytics:17.2.2] AndroidManifest.xml:17:17-115
128                android:value="com.google.firebase.components.ComponentRegistrar" />
128-->[com.google.firebase:firebase-crashlytics:17.2.2] AndroidManifest.xml:18:17-82
129            <meta-data
129-->[com.google.android.gms:play-services-measurement-api:17.3.0] AndroidManifest.xml:30:13-32:85
130                android:name="com.google.firebase.components:com.google.firebase.analytics.connector.internal.AnalyticsConnectorRegistrar"
130-->[com.google.android.gms:play-services-measurement-api:17.3.0] AndroidManifest.xml:31:17-139
131                android:value="com.google.firebase.components.ComponentRegistrar" />
131-->[com.google.android.gms:play-services-measurement-api:17.3.0] AndroidManifest.xml:32:17-82
132            <meta-data
132-->[com.google.firebase:firebase-iid:20.1.5] AndroidManifest.xml:32:13-34:85
133                android:name="com.google.firebase.components:com.google.firebase.iid.Registrar"
133-->[com.google.firebase:firebase-iid:20.1.5] AndroidManifest.xml:33:17-96
134                android:value="com.google.firebase.components.ComponentRegistrar" />
134-->[com.google.firebase:firebase-iid:20.1.5] AndroidManifest.xml:34:17-82
135            <meta-data
135-->[com.google.firebase:firebase-installations:16.3.3] AndroidManifest.xml:17:13-19:85
136                android:name="com.google.firebase.components:com.google.firebase.installations.FirebaseInstallationsRegistrar"
136-->[com.google.firebase:firebase-installations:16.3.3] AndroidManifest.xml:18:17-127
137                android:value="com.google.firebase.components.ComponentRegistrar" />
137-->[com.google.firebase:firebase-installations:16.3.3] AndroidManifest.xml:19:17-82
138            <meta-data
138-->[com.google.firebase:firebase-datatransport:17.0.3] AndroidManifest.xml:28:13-30:85
139                android:name="com.google.firebase.components:com.google.firebase.datatransport.TransportRegistrar"
139-->[com.google.firebase:firebase-datatransport:17.0.3] AndroidManifest.xml:29:17-115
140                android:value="com.google.firebase.components.ComponentRegistrar" />
140-->[com.google.firebase:firebase-datatransport:17.0.3] AndroidManifest.xml:30:17-82
141        </service>
142
143        <receiver
143-->[com.google.android.gms:play-services-measurement:17.3.0] AndroidManifest.xml:29:9-33:20
144            android:name="com.google.android.gms.measurement.AppMeasurementReceiver"
144-->[com.google.android.gms:play-services-measurement:17.3.0] AndroidManifest.xml:30:13-85
145            android:enabled="true"
145-->[com.google.android.gms:play-services-measurement:17.3.0] AndroidManifest.xml:31:13-35
146            android:exported="false" >
146-->[com.google.android.gms:play-services-measurement:17.3.0] AndroidManifest.xml:32:13-37
147        </receiver>
148        <receiver
148-->[com.google.android.gms:play-services-measurement:17.3.0] AndroidManifest.xml:34:9-42:20
149            android:name="com.google.android.gms.measurement.AppMeasurementInstallReferrerReceiver"
149-->[com.google.android.gms:play-services-measurement:17.3.0] AndroidManifest.xml:35:13-100
150            android:enabled="true"
150-->[com.google.android.gms:play-services-measurement:17.3.0] AndroidManifest.xml:36:13-35
151            android:exported="true"
151-->[com.google.android.gms:play-services-measurement:17.3.0] AndroidManifest.xml:37:13-36
152            android:permission="android.permission.INSTALL_PACKAGES" >
152-->[com.google.android.gms:play-services-measurement:17.3.0] AndroidManifest.xml:38:13-69
153            <intent-filter>
153-->[com.google.android.gms:play-services-measurement:17.3.0] AndroidManifest.xml:39:13-41:29
154                <action android:name="com.android.vending.INSTALL_REFERRER" />
154-->[com.google.android.gms:play-services-measurement:17.3.0] AndroidManifest.xml:40:17-79
154-->[com.google.android.gms:play-services-measurement:17.3.0] AndroidManifest.xml:40:25-76
155            </intent-filter>
156        </receiver>
157
158        <service
158-->[com.google.android.gms:play-services-measurement:17.3.0] AndroidManifest.xml:44:9-47:40
159            android:name="com.google.android.gms.measurement.AppMeasurementService"
159-->[com.google.android.gms:play-services-measurement:17.3.0] AndroidManifest.xml:45:13-84
160            android:enabled="true"
160-->[com.google.android.gms:play-services-measurement:17.3.0] AndroidManifest.xml:46:13-35
161            android:exported="false" />
161-->[com.google.android.gms:play-services-measurement:17.3.0] AndroidManifest.xml:47:13-37
162        <service
162-->[com.google.android.gms:play-services-measurement:17.3.0] AndroidManifest.xml:48:9-52:72
163            android:name="com.google.android.gms.measurement.AppMeasurementJobService"
163-->[com.google.android.gms:play-services-measurement:17.3.0] AndroidManifest.xml:49:13-87
164            android:enabled="true"
164-->[com.google.android.gms:play-services-measurement:17.3.0] AndroidManifest.xml:50:13-35
165            android:exported="false"
165-->[com.google.android.gms:play-services-measurement:17.3.0] AndroidManifest.xml:51:13-37
166            android:permission="android.permission.BIND_JOB_SERVICE" />
166-->[com.google.android.gms:play-services-measurement:17.3.0] AndroidManifest.xml:52:13-69
167
168        <receiver
168-->[com.google.firebase:firebase-iid:20.1.5] AndroidManifest.xml:37:9-44:20
169            android:name="com.google.firebase.iid.FirebaseInstanceIdReceiver"
169-->[com.google.firebase:firebase-iid:20.1.5] AndroidManifest.xml:38:13-78
170            android:exported="true"
170-->[com.google.firebase:firebase-iid:20.1.5] AndroidManifest.xml:39:13-36
171            android:permission="com.google.android.c2dm.permission.SEND" >
171-->[com.google.firebase:firebase-iid:20.1.5] AndroidManifest.xml:40:13-73
172            <intent-filter>
172-->[com.google.firebase:firebase-iid:20.1.5] AndroidManifest.xml:41:13-43:29
173                <action android:name="com.google.android.c2dm.intent.RECEIVE" />
173-->[com.google.firebase:firebase-iid:20.1.5] AndroidManifest.xml:42:17-81
173-->[com.google.firebase:firebase-iid:20.1.5] AndroidManifest.xml:42:25-78
174            </intent-filter>
175        </receiver>
176
177        <provider
177-->[com.google.firebase:firebase-common:19.3.1] AndroidManifest.xml:26:9-31:39
178            android:name="com.google.firebase.provider.FirebaseInitProvider"
178-->[com.google.firebase:firebase-common:19.3.1] AndroidManifest.xml:27:13-77
179            android:authorities="com.app.base.mainapp.firebaseinitprovider"
179-->[com.google.firebase:firebase-common:19.3.1] AndroidManifest.xml:28:13-72
180            android:directBootAware="true"
180-->[com.google.firebase:firebase-common:19.3.1] AndroidManifest.xml:29:13-43
181            android:exported="false"
181-->[com.google.firebase:firebase-common:19.3.1] AndroidManifest.xml:30:13-37
182            android:initOrder="100" />
182-->[com.google.firebase:firebase-common:19.3.1] AndroidManifest.xml:31:13-36
183
184        <activity
184-->[com.google.android.gms:play-services-base:17.0.0] AndroidManifest.xml:23:9-26:75
185            android:name="com.google.android.gms.common.api.GoogleApiActivity"
185-->[com.google.android.gms:play-services-base:17.0.0] AndroidManifest.xml:24:13-79
186            android:exported="false"
186-->[com.google.android.gms:play-services-base:17.0.0] AndroidManifest.xml:25:13-37
187            android:theme="@android:style/Theme.Translucent.NoTitleBar" />
187-->[com.google.android.gms:play-services-base:17.0.0] AndroidManifest.xml:26:13-72
188
189        <meta-data
189-->[com.google.android.gms:play-services-basement:17.0.0] AndroidManifest.xml:23:9-25:69
190            android:name="com.google.android.gms.version"
190-->[com.google.android.gms:play-services-basement:17.0.0] AndroidManifest.xml:24:13-58
191            android:value="@integer/google_play_services_version" />
191-->[com.google.android.gms:play-services-basement:17.0.0] AndroidManifest.xml:25:13-66
192
193        <provider
193-->[androidx.lifecycle:lifecycle-process:2.2.0] AndroidManifest.xml:25:9-29:43
194            android:name="androidx.lifecycle.ProcessLifecycleOwnerInitializer"
194-->[androidx.lifecycle:lifecycle-process:2.2.0] AndroidManifest.xml:26:13-79
195            android:authorities="com.app.base.mainapp.lifecycle-process"
195-->[androidx.lifecycle:lifecycle-process:2.2.0] AndroidManifest.xml:27:13-69
196            android:exported="false"
196-->[androidx.lifecycle:lifecycle-process:2.2.0] AndroidManifest.xml:28:13-37
197            android:multiprocess="true" />
197-->[androidx.lifecycle:lifecycle-process:2.2.0] AndroidManifest.xml:29:13-40
198
199        <service
199-->[androidx.room:room-runtime:2.2.5] AndroidManifest.xml:25:9-28:40
200            android:name="androidx.room.MultiInstanceInvalidationService"
200-->[androidx.room:room-runtime:2.2.5] AndroidManifest.xml:26:13-74
201            android:directBootAware="true"
201-->[androidx.room:room-runtime:2.2.5] AndroidManifest.xml:27:13-43
202            android:exported="false" />
202-->[androidx.room:room-runtime:2.2.5] AndroidManifest.xml:28:13-37
203        <service
203-->[com.google.android.datatransport:transport-backend-cct:2.3.1] AndroidManifest.xml:29:9-35:19
204            android:name="com.google.android.datatransport.runtime.backends.TransportBackendDiscovery"
204-->[com.google.android.datatransport:transport-backend-cct:2.3.1] AndroidManifest.xml:30:13-103
205            android:exported="false" >
205-->[com.google.android.datatransport:transport-backend-cct:2.3.1] AndroidManifest.xml:31:13-37
206            <meta-data
206-->[com.google.android.datatransport:transport-backend-cct:2.3.1] AndroidManifest.xml:32:13-34:39
207                android:name="backend:com.google.android.datatransport.cct.CctBackendFactory"
207-->[com.google.android.datatransport:transport-backend-cct:2.3.1] AndroidManifest.xml:33:17-94
208                android:value="cct" />
208-->[com.google.android.datatransport:transport-backend-cct:2.3.1] AndroidManifest.xml:34:17-36
209        </service>
210        <service
210-->[com.google.android.datatransport:transport-runtime:2.2.4] AndroidManifest.xml:26:9-30:19
211            android:name="com.google.android.datatransport.runtime.scheduling.jobscheduling.JobInfoSchedulerService"
211-->[com.google.android.datatransport:transport-runtime:2.2.4] AndroidManifest.xml:27:13-117
212            android:exported="false"
212-->[com.google.android.datatransport:transport-runtime:2.2.4] AndroidManifest.xml:28:13-37
213            android:permission="android.permission.BIND_JOB_SERVICE" >
213-->[com.google.android.datatransport:transport-runtime:2.2.4] AndroidManifest.xml:29:13-69
214        </service>
215
216        <receiver
216-->[com.google.android.datatransport:transport-runtime:2.2.4] AndroidManifest.xml:32:9-34:40
217            android:name="com.google.android.datatransport.runtime.scheduling.jobscheduling.AlarmManagerSchedulerBroadcastReceiver"
217-->[com.google.android.datatransport:transport-runtime:2.2.4] AndroidManifest.xml:33:13-132
218            android:exported="false" />
218-->[com.google.android.datatransport:transport-runtime:2.2.4] AndroidManifest.xml:34:13-37
219    </application>
220
221</manifest>